<?xml version="1.0" encoding="UTF-8"?>
<!-- Generated by org.testng.reporters.JUnitReportReporter -->
<testsuite hostname="DESKTOP-N99ONFU" failures="0" tests="1" name="selenium.project.SeleniumApplication" time="0.002" errors="0" timestamp="2022-01-17T21:22:11 EST" skipped="0">
  <testcase classname="selenium.project.SeleniumApplication" name="seleniumDemo" time="0.002"/>
  <system-out/>
</testsuite> <!-- selenium.project.SeleniumApplication -->
